[    0.000000] Linux version 4.15.0-91-generic (buildd@lgw01-amd64-013) (gcc version 7.4.0 (Ubuntu 7.4.0-1ubuntu1~18.04.1)) #92-Ubuntu SMP Fri Feb 28 11:09:48 UTC 2020 (Ubuntu 4.15.0-91.92-generic 4.15.18)
[    0.000000] Command line: BOOT_IMAGE=/boot/vmlinuz-4.15.0-91-generic root=LABEL=cloudimg-rootfs ro console=tty1 console=ttyS0
[    0.000000] KERNEL supported cpus:
[    0.000000]   Intel GenuineIntel
[    0.000000]   AMD AuthenticAMD
[    0.000000]   Centaur CentaurHauls
[    0.000000] x86/fpu: Supporting XSAVE feature 0x001: 'x87 floating point registers'
[    0.000000] x86/fpu: Supporting XSAVE feature 0x002: 'SSE registers'
[    0.000000] x86/fpu: Supporting XSAVE feature 0x004: 'AVX registers'
[    0.000000] x86/fpu: xstate_offset[2]:  576, xstate_sizes[2]:  256
[    0.000000] x86/fpu: Enabled xstate features 0x7, context size is 832 bytes, using 'standard' format.
[    0.000000] e820: BIOS-provided physical RAM map:
[    0.000000] BIOS-e820: [mem 0x0000000000000000-0x000000000009fbff] usable
[    0.000000] BIOS-e820: [mem 0x000000000009fc00-0x000000000009ffff] reserved
[    0.000000] BIOS-e820: [mem 0x00000000000f0000-0x00000000000fffff] reserved
[    0.000000] BIOS-e820: [mem 0x0000000000100000-0x000000003ffeffff] usable
[    0.000000] BIOS-e820: [mem 0x000000003fff0000-0x000000003fffffff] ACPI data
[    0.000000] BIOS-e820: [mem 0x00000000fec00000-0x00000000fec00fff] reserved
[    0.000000] BIOS-e820: [mem 0x00000000fee00000-0x00000000fee00fff] reserved
[    0.000000] BIOS-e820: [mem 0x00000000fffc0000-0x00000000ffffffff] reserved
[    0.000000] NX (Execute Disable) protection: active
[    0.000000] SMBIOS 2.5 present.
[    0.000000] DMI: innotek GmbH VirtualBox/VirtualBox, BIOS VirtualBox 12/01/2006
[    0.000000] Hypervisor detected: KVM
[    0.000000] e820: last_pfn = 0x3fff0 max_arch_pfn = 0x400000000
[    0.000000] MTRR: Disabled
[    0.000000] x86/PAT: MTRRs disabled, skipping PAT initialization too.
[    0.000000] CPU MTRRs all blank - virtualized system.
[    0.000000] x86/PAT: Configuration [0-7]: WB  WT  UC- UC  WB  WT  UC- UC  
[    0.000000] found SMP MP-table at [mem 0x0009fff0-0x0009ffff]
[    0.000000] Scanning 1 areas for low memory corruption
[    0.000000] RAMDISK: [mem 0x35a6b000-0x36d2cfff]
[    0.000000] ACPI: Early table checksum verification disabled
[    0.000000] ACPI: RSDP 0x00000000000E0000 000024 (v02 VBOX  )
[    0.000000] ACPI: XSDT 0x000000003FFF0030 00003C (v01 VBOX   VBOXXSDT 00000001 ASL  00000061)
[    0.000000] ACPI: FACP 0x000000003FFF00F0 0000F4 (v04 VBOX   VBOXFACP 00000001 ASL  00000061)
[    0.000000] ACPI: DSDT 0x000000003FFF0470 0021FF (v02 VBOX   VBOXBIOS 00000002 INTL 20180105)
[    0.000000] ACPI: FACS 0x000000003FFF0200 000040
[    0.000000] ACPI: FACS 0x000000003FFF0200 000040
[    0.000000] ACPI: APIC 0x000000003FFF0240 00005C (v02 VBOX   VBOXAPIC 00000001 ASL  00000061)
[    0.000000] ACPI: SSDT 0x000000003FFF02A0 0001CC (v01 VBOX   VBOXCPUT 00000002 INTL 20180105)
[    0.000000] No NUMA configuration found
[    0.000000] Faking a node at [mem 0x0000000000000000-0x000000003ffeffff]
[    0.000000] NODE_DATA(0) allocated [mem 0x3ffc5000-0x3ffeffff]
[    0.000000] kvm-clock: cpu 0, msr 0:3ff44001, primary cpu clock
[    0.000000] kvm-clock: Using msrs 4b564d01 and 4b564d00
[    0.000000] kvm-clock: using sched offset of 3842008781 cycles
[    0.000000] clocksource: kvm-clock: mask: 0xffffffffffffffff max_cycles: 0x1cd42e4dffb, max_idle_ns: 881590591483 ns
[    0.000000] Zone ranges:
[    0.000000]   DMA      [mem 0x0000000000001000-0x0000000000ffffff]
[    0.000000]   DMA32    [mem 0x0000000001000000-0x000000003ffeffff]
[    0.000000]   Normal   empty
[    0.000000]   Device   empty
[    0.000000] Movable zone start for each node
[    0.000000] Early memory node ranges
[    0.000000]   node   0: [mem 0x0000000000001000-0x000000000009efff]
[    0.000000]   node   0: [mem 0x0000000000100000-0x000000003ffeffff]
[    0.000000] Reserved but unavailable: 98 pages
[    0.000000] Initmem setup node 0 [mem 0x0000000000001000-0x000000003ffeffff]
[    0.000000] ACPI: PM-Timer IO Port: 0x4008
[    0.000000] IOAPIC[0]: apic_id 2, version 32, address 0xfec00000, GSI 0-23
[    0.000000] ACPI: INT_SRC_OVR (bus 0 bus_irq 0 global_irq 2 dfl dfl)
[    0.000000] ACPI: INT_SRC_OVR (bus 0 bus_irq 9 global_irq 9 low level)
[    0.000000] Using ACPI (MADT) for SMP configuration information
[    0.000000] smpboot: Allowing 2 CPUs, 0 hotplug CPUs
[    0.000000] PM: Registered nosave memory: [mem 0x00000000-0x00000fff]
[    0.000000] PM: Registered nosave memory: [mem 0x0009f000-0x0009ffff]
[    0.000000] PM: Registered nosave memory: [mem 0x000a0000-0x000effff]
[    0.000000] PM: Registered nosave memory: [mem 0x000f0000-0x000fffff]
[    0.000000] e820: [mem 0x40000000-0xfebfffff] available for PCI devices
[    0.000000] Booting paravirtualized kernel on KVM
[    0.000000] clocksource: refined-jiffies: mask: 0xffffffff max_cycles: 0xffffffff, max_idle_ns: 7645519600211568 ns
[    0.000000] random: get_random_bytes called from start_kernel+0x99/0x4fd with crng_init=0
[    0.000000] setup_percpu: NR_CPUS:8192 nr_cpumask_bits:2 nr_cpu_ids:2 nr_node_ids:1
[    0.000000] percpu: Embedded 45 pages/cpu s147456 r8192 d28672 u1048576
[    0.000000] PV qspinlock hash table entries: 256 (order: 0, 4096 bytes)
[    0.000000] Built 1 zonelists, mobility grouping on.  Total pages: 257913
[    0.000000] Policy zone: DMA32
[    0.000000] Kernel command line: BOOT_IMAGE=/boot/vmlinuz-4.15.0-91-generic root=LABEL=cloudimg-rootfs ro console=tty1 console=ttyS0
[    0.000000] Memory: 983060K/1048120K available (12300K kernel code, 2481K rwdata, 4264K rodata, 2432K init, 2712K bss, 65060K reserved, 0K cma-reserved)
[    0.000000] SLUB: HWalign=64, Order=0-3, MinObjects=0, CPUs=2, Nodes=1
[    0.000000] Kernel/User page tables isolation: enabled
[    0.000000] ftrace: allocating 39347 entries in 154 pages
[    0.004000] Hierarchical RCU implementation.
[    0.004000] 	RCU restricting CPUs from NR_CPUS=8192 to nr_cpu_ids=2.
[    0.004000] 	Tasks RCU enabled.
[    0.004000] RCU: Adjusting geometry for rcu_fanout_leaf=16, nr_cpu_ids=2
[    0.004000] NR_IRQS: 524544, nr_irqs: 440, preallocated irqs: 16
[    0.004000] Console: colour VGA+ 80x25
[    0.004000] console [tty1] enabled
[    0.004000] console [ttyS0] enabled
[    0.004000] ACPI: Core revision 20170831
[    0.004000] ACPI: 2 ACPI AML tables successfully acquired and loaded
[    0.004000] APIC: Switch to symmetric I/O mode setup
[    0.004000] x2apic enabled
[    0.004000] Switched APIC routing to physical x2apic.
[    0.004000] ..TIMER: vector=0x30 apic1=0 pin1=2 apic2=-1 pin2=-1
[    0.004004] tsc: Detected 2400.064 MHz processor
[    0.004777] Calibrating delay loop (skipped) preset value.. 4800.12 BogoMIPS (lpj=9600256)
[    0.008003] pid_max: default: 32768 minimum: 301
[    0.012045] Security Framework initialized
[    0.016004] Yama: becoming mindful.
[    0.020023] AppArmor: AppArmor initialized
[    0.024802] Dentry cache hash table entries: 131072 (order: 8, 1048576 bytes)
[    0.028083] Inode-cache hash table entries: 65536 (order: 7, 524288 bytes)
[    0.032015] Mount-cache hash table entries: 2048 (order: 2, 16384 bytes)
[    0.033130] Mountpoint-cache hash table entries: 2048 (order: 2, 16384 bytes)
[    0.034562] Last level iTLB entries: 4KB 64, 2MB 8, 4MB 8
[    0.036002] Last level dTLB entries: 4KB 64, 2MB 0, 4MB 0, 1GB 4
[    0.036841] Spectre V1 : Mitigation: usercopy/swapgs barriers and __user pointer sanitization
[    0.038140] Spectre V2 : Mitigation: Full generic retpoline
[    0.038922] Spectre V2 : Spectre v2 / SpectreRSB mitigation: Filling RSB on context switch
[    0.040002] Speculative Store Bypass: Vulnerable
[    0.040799] MDS: Mitigation: Clear CPU buffers
[    0.041842] Freeing SMP alternatives memory: 36K
[    0.153238] smpboot: CPU0: Intel(R) Core(TM) i5-9300H CPU @ 2.40GHz (family: 0x6, model: 0x9e, stepping: 0xd)
[    0.156099] Performance Events: unsupported p6 CPU model 158 no PMU driver, software events only.
[    0.157222] Hierarchical SRCU implementation.
[    0.158284] NMI watchdog: Perf event create on CPU 0 failed with -2
[    0.159163] NMI watchdog: Perf NMI watchdog permanently disabled
[    0.160039] smp: Bringing up secondary CPUs ...
[    0.164140] x86: Booting SMP configuration:
[    0.168003] .... node  #0, CPUs:      #1
[    0.004000] kvm-clock: cpu 1, msr 0:3ff44041, secondary cpu clock
[    0.172021] smp: Brought up 1 node, 2 CPUs
[    0.172590] smpboot: Max logical packages: 1
[    0.173183] smpboot: Total of 2 processors activated (9600.25 BogoMIPS)
[    0.176067] devtmpfs: initialized
[    0.176568] x86/mm: Memory block size: 128MB
[    0.177323] evm: security.selinux
[    0.177909] evm: security.SMACK64
[    0.178473] evm: security.SMACK64EXEC
[    0.179080] evm: security.SMACK64TRANSMUTE
[    0.179649] evm: security.SMACK64MMAP
[    0.180002] evm: security.apparmor
[    0.180592] evm: security.ima
[    0.181135] evm: security.capability
[    0.181733] clocksource: jiffies: mask: 0xffffffff max_cycles: 0xffffffff, max_idle_ns: 7645041785100000 ns
[    0.181733] futex hash table entries: 512 (order: 3, 32768 bytes)
[    0.184714] pinctrl core: initialized pinctrl subsystem
[    0.188126] RTC time:  8:16:10, date: 03/31/20
[    0.196016] NET: Registered protocol family 16
[    0.200062] audit: initializing netlink subsys (disabled)
[    0.200993] audit: type=2000 audit(1585642574.143:1): state=initialized audit_enabled=0 res=1
[    0.201238] cpuidle: using governor ladder
[    0.201238] cpuidle: using governor menu
[    0.204056] ACPI: bus type PCI registered
[    0.204800] acpiphp: ACPI Hot Plug PCI Controller Driver version: 0.5
[    0.205866] PCI: Using configuration type 1 for base access
[    0.208107] HugeTLB registered 2.00 MiB page size, pre-allocated 0 pages
[    0.208884] ACPI: Added _OSI(Module Device)
[    0.208884] ACPI: Added _OSI(Processor Device)
[    0.209415] ACPI: Added _OSI(3.0 _SCP Extensions)
[    0.210282] ACPI: Added _OSI(Processor Aggregator Device)
[    0.212005] ACPI: Added _OSI(Linux-Dell-Video)
[    0.216005] ACPI: Added _OSI(Linux-Lenovo-NV-HDMI-Audio)
[    0.216965] ACPI: Added _OSI(Linux-HPI-Hybrid-Graphics)
[    0.218135] ACPI: Executed 1 blocks of module-level executable AML code
[    0.223229] ACPI: Interpreter enabled
[    0.224016] ACPI: (supports S0 S5)
[    0.224622] ACPI: Using IOAPIC for interrupt routing
[    0.225614] PCI: Using host bridge windows from ACPI; if necessary, use "pci=nocrs" and report a bug
[    0.228158] ACPI: Enabled 2 GPEs in block 00 to 07
[    0.234494] ACPI: PCI Root Bridge [PCI0] (domain 0000 [bus 00-ff])
[    0.235576] acpi PNP0A03:00: _OSC: OS supports [ASPM ClockPM Segments MSI]
[    0.236032] acpi PNP0A03:00: _OSC: not requesting OS control; OS requires [ExtendedConfig ASPM ClockPM MSI]
[    0.237445] acpi PNP0A03:00: fail to add MMCONFIG information, can't access extended PCI configuration space under this bridge.
[    0.240058] PCI host bridge to bus 0000:00
[    0.240867] pci_bus 0000:00: root bus resource [io  0x0000-0x0cf7 window]
[    0.241798] pci_bus 0000:00: root bus resource [io  0x0d00-0xffff window]
[    0.242843] pci_bus 0000:00: root bus resource [mem 0x000a0000-0x000bffff window]
[    0.243977] pci_bus 0000:00: root bus resource [mem 0x40000000-0xfdffffff window]
[    0.244006] pci_bus 0000:00: root bus resource [bus 00-ff]
[    0.249667] pci 0000:00:01.1: legacy IDE quirk: reg 0x10: [io  0x01f0-0x01f7]
[    0.252005] pci 0000:00:01.1: legacy IDE quirk: reg 0x14: [io  0x03f6]
[    0.256006] pci 0000:00:01.1: legacy IDE quirk: reg 0x18: [io  0x0170-0x0177]
[    0.260003] pci 0000:00:01.1: legacy IDE quirk: reg 0x1c: [io  0x0376]
[    0.273271] pci 0000:00:07.0: quirk: [io  0x4000-0x403f] claimed by PIIX4 ACPI
[    0.276018] pci 0000:00:07.0: quirk: [io  0x4100-0x410f] claimed by PIIX4 SMB
[    0.285246] ACPI: PCI Interrupt Link [LNKA] (IRQs 5 9 10 *11)
[    0.288368] ACPI: PCI Interrupt Link [LNKB] (IRQs 5 9 *10 11)
[    0.292141] ACPI: PCI Interrupt Link [LNKC] (IRQs 5 *9 10 11)
[    0.293212] ACPI: PCI Interrupt Link [LNKD] (IRQs 5 9 10 *11)
[    0.294663] SCSI subsystem initialized
[    0.296088] pci 0000:00:02.0: vgaarb: setting as boot VGA device
[    0.297115] pci 0000:00:02.0: vgaarb: VGA device added: decodes=io+mem,owns=io+mem,locks=none
[    0.300012] pci 0000:00:02.0: vgaarb: bridge control possible
[    0.300950] vgaarb: loaded
[    0.301475] ACPI: bus type USB registered
[    0.304032] usbcore: registered new interface driver usbfs
[    0.308019] usbcore: registered new interface driver hub
[    0.309003] usbcore: registered new device driver usb
[    0.312037] EDAC MC: Ver: 3.0.0
[    0.313642] PCI: Using ACPI for IRQ routing
[    0.313812] NetLabel: Initializing
[    0.316003] NetLabel:  domain hash size = 128
[    0.316810] NetLabel:  protocols = UNLABELED CIPSOv4 CALIPSO
[    0.317854] NetLabel:  unlabeled traffic allowed by default
[    0.318788] clocksource: Switched to clocksource kvm-clock
[    0.326136] VFS: Disk quotas dquot_6.6.0
[    0.327210] VFS: Dquot-cache hash table entries: 512 (order 0, 4096 bytes)
[    0.328620] AppArmor: AppArmor Filesystem Enabled
[    0.329632] pnp: PnP ACPI init
[    0.331231] pnp: PnP ACPI: found 3 devices
[    0.340362] clocksource: acpi_pm: mask: 0xffffff max_cycles: 0xffffff, max_idle_ns: 2085701024 ns
[    0.341850] NET: Registered protocol family 2
[    0.342882] TCP established hash table entries: 8192 (order: 4, 65536 bytes)
[    0.344122] TCP bind hash table entries: 8192 (order: 5, 131072 bytes)
[    0.346829] TCP: Hash tables configured (established 8192 bind 8192)
[    0.348853] UDP hash table entries: 512 (order: 2, 16384 bytes)
[    0.349928] UDP-Lite hash table entries: 512 (order: 2, 16384 bytes)
[    0.351155] NET: Registered protocol family 1
[    0.351952] pci 0000:00:00.0: Limiting direct PCI/PCI transfers
[    0.353005] pci 0000:00:01.0: Activating ISA DMA hang workarounds
[    0.354013] pci 0000:00:02.0: Video device with shadowed ROM at [mem 0x000c0000-0x000dffff]
[    0.355455] Unpacking initramfs...
[    0.589856] Freeing initrd memory: 19208K
[    0.590758] clocksource: tsc: mask: 0xffffffffffffffff max_cycles: 0x229873f3b2e, max_idle_ns: 440795227658 ns
[    0.592808] platform rtc_cmos: registered platform RTC device (no PNP device found)
[    0.594551] Scanning for low memory corruption every 60 seconds
[    0.596344] Initialise system trusted keyrings
[    0.598295] Key type blacklist registered
[    0.600147] workingset: timestamp_bits=36 max_order=18 bucket_order=0
[    0.602093] zbud: loaded
[    0.602983] squashfs: version 4.0 (2009/01/31) Phillip Lougher
[    0.603873] fuse init (API version 7.26)
[    0.606288] Key type asymmetric registered
[    0.606845] Asymmetric key parser 'x509' registered
[    0.607633] Block layer SCSI generic (bsg) driver version 0.4 loaded (major 246)
[    0.608610] io scheduler noop registered
[    0.609171] io scheduler deadline registered
[    0.609731] io scheduler cfq registered (default)
[    0.610537] ACPI: AC Adapter [AC] (off-line)
[    0.612567] input: Power Button as /devices/LNXSYSTM:00/LNXPWRBN:00/input/input0
[    0.613830] ACPI: Power Button [PWRF]
[    0.652706] input: Sleep Button as /devices/LNXSYSTM:00/LNXSLPBN:00/input/input1
[    0.657367] ACPI: Sleep Button [SLPF]
[    0.658918] ACPI: Battery Slot [BAT0] (battery present)
[    0.660159] Serial: 8250/16550 driver, 32 ports, IRQ sharing enabled
[    0.948696] 00:02: ttyS0 at I/O 0x3f8 (irq = 4, base_baud = 115200) is a 16550A
[    0.951836] Linux agpgart interface v0.103
[    0.953674] loop: module loaded
[    0.954876] scsi host0: ata_piix
[    0.955600] scsi host1: ata_piix
[    0.956265] ata1: PATA max UDMA/33 cmd 0x1f0 ctl 0x3f6 bmdma 0xd000 irq 14
[    0.957326] ata2: PATA max UDMA/33 cmd 0x170 ctl 0x376 bmdma 0xd008 irq 15
[    0.967286] libphy: Fixed MDIO Bus: probed
[    0.968044] tun: Universal TUN/TAP device driver, 1.6
[    0.968966] PPP generic driver version 2.4.2
[    0.969974] ehci_hcd: USB 2.0 'Enhanced' Host Controller (EHCI) Driver
[    0.971212] ehci-pci: EHCI PCI platform driver
[    0.971996] ehci-platform: EHCI generic platform driver
[    0.973005] ohci_hcd: USB 1.1 'Open' Host Controller (OHCI) Driver
[    0.974093] ohci-pci: OHCI PCI platform driver
[    0.974922] ohci-platform: OHCI generic platform driver
[    0.975877] uhci_hcd: USB Universal Host Controller Interface driver
[    0.976997] i8042: PNP: PS/2 Controller [PNP0303:PS2K,PNP0f03:PS2M] at 0x60,0x64 irq 1,12
[    0.979024] serio: i8042 KBD port at 0x60,0x64 irq 1
[    0.979956] serio: i8042 AUX port at 0x60,0x64 irq 12
[    0.981022] mousedev: PS/2 mouse device common for all mice
[    0.982230] input: AT Translated Set 2 keyboard as /devices/platform/i8042/serio0/input/input2
[    0.997638] rtc_cmos rtc_cmos: rtc core: registered rtc_cmos as rtc0
[    0.998685] rtc_cmos rtc_cmos: alarms up to one day, 114 bytes nvram
[    1.000972] i2c /dev entries driver
[    1.001671] device-mapper: uevent: version 1.0.3
[    1.002618] device-mapper: ioctl: 4.37.0-ioctl (2017-09-20) initialised: dm-devel@redhat.com
[    1.003914] ledtrig-cpu: registered to indicate activity on CPUs
[    1.005310] NET: Registered protocol family 10
[    1.009026] Segment Routing with IPv6
[    1.009610] NET: Registered protocol family 17
[    1.010261] Key type dns_resolver registered
[    1.010942] mce: Using 0 MCE banks
[    1.011403] RAS: Correctable Errors collector initialized.
[    1.012197] sched_clock: Marking stable (1012179347, 0)->(2529401639, -1517222292)
[    1.014063] registered taskstats version 1
[    1.016593] Loading compiled-in X.509 certificates
[    1.019460] Loaded X.509 cert 'Build time autogenerated kernel key: d019e8c5f4cbc828f6af43369f65a014a3a68371'
[    1.020888] zswap: loaded using pool lzo/zbud
[    1.024637] Key type big_key registered
[    1.025227] Key type trusted registered
[    1.027304] Key type encrypted registered
[    1.028113] AppArmor: AppArmor sha1 policy hashing enabled
[    1.029159] ima: No TPM chip found, activating TPM-bypass! (rc=-19)
[    1.030326] ima: Allocated hash algorithm: sha1
[    1.031217] evm: HMAC attrs: 0x1
[    1.032193]   Magic number: 12:876:271
[    1.033107] rtc_cmos rtc_cmos: setting system clock to 2020-03-31 08:16:11 UTC (1585642571)
[    1.034819] BIOS EDD facility v0.16 2004-Jun-25, 0 devices found
[    1.035922] EDD information not available.
[    1.134269] Freeing unused kernel image memory: 2432K
[    1.176087] Write protecting the kernel read-only data: 20480k
[    1.206013] Freeing unused kernel image memory: 2008K
[    1.214194] Freeing unused kernel image memory: 1880K
[    1.222075] x86/mm: Checked W+X mappings: passed, no W+X pages found.
[    1.620508] x86/mm: Checking user space page tables
[    1.627994] x86/mm: Checked W+X mappings: passed, no W+X pages found.
Loading, please wait...
starting version 237
[    1.686962] e1000: Intel(R) PRO/1000 Network Driver - version 7.3.21-k8-NAPI
[    1.705088] e1000: Copyright (c) 1999-2006 Intel Corporation.
[    1.721764] Fusion MPT base driver 3.04.20
[    1.722656] Copyright (c) 1999-2008 LSI Corporation
[    1.726545] AVX2 version of gcm_enc/dec engaged.
[    1.726546] Fusion MPT SPI Host driver 3.04.20
[    1.748799] mptbase: ioc0: Initiating bringup
[    1.836385] AES CTR mode by8 optimization enabled
[    2.101259] input: ImExPS/2 Generic Explorer Mouse as /devices/platform/i8042/serio1/input/input4
[    2.200583] ioc0: LSI53C1030 A0: Capabilities={Initiator}
[    2.509784] scsi host2: ioc0: LSI53C1030 A0, FwRev=00000000h, Ports=1, MaxQ=256, IRQ=20
[    2.752927] scsi 2:0:0:0: Direct-Access     VBOX     HARDDISK         1.0  PQ: 0 ANSI: 5
[    2.840139] scsi target2:0:0: Beginning Domain Validation
[    2.896990] scsi target2:0:0: Domain Validation skipping write tests
[    2.917307] scsi target2:0:0: Ending Domain Validation
[    2.919577] scsi target2:0:0: asynchronous
[    2.921033] scsi 2:0:1:0: Direct-Access     VBOX     HARDDISK         1.0  PQ: 0 ANSI: 5
[    3.166196] scsi target2:0:1: Beginning Domain Validation
[    3.194404] random: fast init done
[    3.195499] scsi target2:0:1: Domain Validation skipping write tests
[    3.197112] scsi target2:0:1: Ending Domain Validation
[    3.198506] scsi target2:0:1: asynchronous
[    3.202628] random: systemd-udevd: uninitialized urandom read (16 bytes read)
[    3.202837] sd 2:0:0:0: [sda] 20971520 512-byte logical blocks: (10.7 GB/10.0 GiB)
[    3.301041] sd 2:0:0:0: Attached scsi generic sg0 type 0
[    3.301157] e1000 0000:00:03.0 eth0: (PCI:33MHz:32-bit) 02:39:67:45:9c:e6
[    3.302247] sd 2:0:0:0: [sda] Write Protect is off
[    3.303182] e1000 0000:00:03.0 eth0: Intel(R) PRO/1000 Network Connection
[    3.323095] sd 2:0:1:0: Attached scsi generic sg1 type 0
[    3.324199] random: systemd-udevd: uninitialized urandom read (16 bytes read)
[    3.357219] sd 2:0:0:0: [sda] Incomplete mode parameter data
[    3.358191] random: systemd-udevd: uninitialized urandom read (16 bytes read)
[    3.359010] sd 2:0:0:0: [sda] Assuming drive cache: write through
[    3.360933] sd 2:0:1:0: [sdb] 20480 512-byte logical blocks: (10.5 MB/10.0 MiB)
[    3.362016] sd 2:0:1:0: [sdb] Write Protect is off
[    3.362812] sd 2:0:1:0: [sdb] Incomplete mode parameter data
[    3.363694] sd 2:0:1:0: [sdb] Assuming drive cache: write through
[    3.434285]  sda: sda1
[    3.435583] sd 2:0:0:0: [sda] Attached SCSI disk
[    3.461493] sd 2:0:1:0: [sdb] Attached SCSI disk
[    3.698085] e1000 0000:00:08.0 eth1: (PCI:33MHz:32-bit) 08:00:27:f9:7e:aa
[    3.746922] e1000 0000:00:08.0 eth1: Intel(R) PRO/1000 Network Connection
[    3.767960] e1000 0000:00:08.0 enp0s8: renamed from eth1
[    3.784474] e1000 0000:00:03.0 enp0s3: renamed from eth0
Begin: Loading essential drivers ... [    5.252060] raid6: sse2x1   gen() 12539 MB/s
[    5.300049] raid6: sse2x1   xor()  7764 MB/s
[    5.348049] raid6: sse2x2   gen() 16076 MB/s
[    5.404052] raid6: sse2x2   xor() 10384 MB/s
[    5.456013] raid6: sse2x4   gen() 16985 MB/s
[    5.508018] raid6: sse2x4   xor()  8227 MB/s
[    5.556050] raid6: avx2x1   gen() 25498 MB/s
[    5.612048] raid6: avx2x1   xor() 15512 MB/s
[    5.680051] raid6: avx2x2   gen() 30463 MB/s
[    5.768047] raid6: avx2x2   xor() 20096 MB/s
[    5.832050] raid6: avx2x4   gen() 32992 MB/s
[    5.956049] raid6: avx2x4   xor() 20655 MB/s
[    6.004326] raid6: using algorithm avx2x4 gen() 32992 MB/s
[    6.005250] raid6: .... xor() 20655 MB/s, rmw enabled
[    6.006051] raid6: using avx2x2 recovery algorithm
[    6.008190] xor: automatically using best checksumming function   avx       
[    6.010501] async_tx: api initialized (async)
done.
Begin: Running /scripts/init-premount ... done.
Begin: Mounting root file system ... Begi[    6.050370] Btrfs loaded, crc32c=crc32c-intel
n: Running /scripts/local-top ... done.
Begin: Running /scripts/local-premount ... Scanning for Btrfs filesystems
done.
Warning: fsck not present, so skipping root file system
[    6.167802] EXT4-fs (sda1): mounted filesystem with ordered data mode. Opts: (null)
done.
Begin: Running /scripts/local-bottom ... done.
Begin: Running /scripts/init-bottom ... done.
[    7.417203] ip_tables: (C) 2000-2006 Netfilter Core Team
[    7.541903] systemd[1]: systemd 237 running in system mode. (+PAM +AUDIT +SELINUX +IMA +APPARMOR +SMACK +SYSVINIT +UTMP +LIBCRYPTSETUP +GCRYPT +GNUTLS +ACL +XZ +LZ4 +SECCOMP +BLKID +ELFUTILS +KMOD -IDN2 +IDN -PCRE2 default-hierarchy=hybrid)
[    7.608617] systemd[1]: Detected virtualization oracle.
[    7.609421] systemd[1]: Detected architecture x86-64.

Welcome to [1mUbuntu 18.04.4 LTS[0m!

[    7.631353] systemd[1]: Set hostname to <ubuntu>.
[    7.830891] systemd[1]: Initializing machine ID from random generator.
[    8.066498] systemd[1]: Installed transient /etc/machine-id file.
[    8.394380] random: crng init done
[    8.396021] random: 7 urandom warning(s) missed due to ratelimiting
[    9.667618] systemd[1]: Started Forward Password Requests to Wall Directory Watch.
[[0;32m  OK  [0m] Started Forward Password Requests to Wall Directory Watch.
[    9.684878] systemd[1]: Created slice System Slice.
[[0;32m  OK  [0m] Created slice System Slice.
[    9.767819] systemd[1]: Listening on Syslog Socket.
[[0;32m  OK  [0m] Listening on Syslog Socket.
[    9.788221] systemd[1]: Listening on Device-mapper event daemon FIFOs.
[[0;32m  OK  [0m] Listening on Device-mapper event daemon FIFOs.
[[0;32m  OK  [0m] Listening on Network Service Netlink Socket.
[[0;32m  OK  [0m] Reached target User and Group Name Lookups.
[[0;32m  OK  [0m] Listening on LVM2 poll daemon socket.
[[0;32m  OK  [0m] Set up automount Arbitrary Executab…rmats File System Automount Point.
[[0;32m  OK  [0m] Listening on Journal Socket.
         Starting Load Kernel Modules...
         Mounting Huge Pages File System...
         Starting Create list of required st…ce nodes for the current kernel...
         Starting Set the console keyboard layout...
         Mounting Kernel Debug File System...
[[0;32m  OK  [0m] Listening on udev Kernel Socket.
[[0;32m  OK  [0m] Listening on Journal Socket (/dev/log).
[[0;32m  OK  [0m] Created slice system-serial\x2dgetty.slice.
[[0;32m  OK  [0m] Listening on LVM2 metadata daemon socket.
         Starting Monitoring of LVM2 mirrors…ng dmeventd or progress polling...
[[0;32m  OK  [0m] Listening on udev Control Socket.
         Starting udev Coldplug all Devices...
[[0;32m  OK  [0m] Reached target Swap.
[[0;32m  OK  [0m] Listening on /dev/initctl Compatibility Named Pipe.
[[0;32m  OK  [0m] Created slice User and Session Slice.
[[0;32m  OK  [0m] Reached target S[   10.012348] Loading iSCSI transport class v2.0-870.
lices.
         Mounting POSIX Message Queue File System...
[[0;32m  OK  [0m] Reached target System Time Synchronized.
         Starting Remount Root and Kernel File Systems...
[[0;32m  OK  [0m] Listening on Journal Audit Socket.
         Starting Journal Service...
         Starting Uncomplicated firewall...
[[0;32m  OK  [0m] Mounted Huge Pages File System.
[[0;32m  OK  [0m] Started Create list of required sta…vice nodes for the current kernel.
[[0;32m  OK  [0m] Mounted Kernel Debug File System.
[[0;32m  OK  [0m] Mounted POSIX Message Queue File System.
         Starting Create Static Device Nodes in /dev...
[   10.238517] iscsi: registered transport (tcp)
[[0;32m  OK  [0m] Started udev Coldplug all Devices.
[[   10.340298] EXT4-fs (sda1): re-mounted. Opts: (null)
[0;32m  OK  [0m] Started Uncomplicated firewall.
[[0;32m  OK  [0m] Started Remount Root and Kernel File Systems.
         Starting Load/Save Random Seed...
[[0;32m  OK  [0m] Started Load/Save Random Seed.
[[0;32m  OK  [0m] Started Set the console keyboard layout.
[[0;32m  OK  [0m] Started Journal Service.
         Starting Flush Journal to Persistent Storage...
[[0;32m  OK  [0m] Started LVM2 metadata daemon.
[   10.884579] iscsi: registered transport (iser)
[[0;32m  OK  [0m] Started Load Kernel Modules.
         Mounting Kernel Configuration File System...
         Starting Apply Kernel Variables...
         Mounting FUSE Control File System...
[[0;32m  OK  [0m] Mounted Kernel Configuration File System.
[[0;32m  OK  [0m] Mounted FUSE Control File System.
[   10.967318] systemd-journald[396]: Received request to flush runtime journal from PID 1
[[0;32m  OK  [0m] Started Create Static Device Nodes in /dev.
         Starting udev Kernel Device Manager...
[[0;32m  OK  [0m] Started Apply Kernel Variables.
[[0;32m  OK  [0m] Started Monitoring of LVM2 mirrors,…sing dmeventd or progress polling.
[[0;32m  OK  [0m] Reached target Local File Systems (Pre).
[[0;32m  OK  [0m] Reached target Local File Systems.
         Starting Tell Plymouth To Write Out Runtime Data...
         Starting AppArmor initialization...
         Starting ebtables ruleset management...
         Starting Set console font and keymap...
         Starting Commit a transient machine-id on disk...
[[0;32m  OK  [0m] Started Flush Journal to Persistent Storage.
         Starting Create Volatile Files and Directories...
[[0;32m  OK  [0m] Started Tell Plymouth To Write Out Runtime Data.
[[0;32m  OK  [0m] Started Set console font and keymap.
[[0;32m  OK  [0m] Started Create Volatile Files and Directories.
         Starting Update UTMP about System Boot/Shutdown...
[[0;32m  OK  [0m] Started Update UTMP about System Boot/Shutdown.
[[0;32m  OK  [0m] Started udev Kernel Device Manager.
[[0;32m  OK  [0m] Started Dispatch Password Requests to Console Directory Watch.
[[0;32m  OK  [0m] Reached target Local Encrypted Volumes.
[[0;32m  OK  [0m] Started Commit a transient machine-id on disk.
[[0;32m  OK  [0m] Started ebtables ruleset management.
[[0;32m  OK  [0m] Found device /dev/ttyS0.
[[0;32m  OK  [0m] Listening on Load/Save RF Kill Switch Status /dev/rfkill Watch.
[[0;32m  OK  [0m] Started AppArmor initialization.
         Starting Initial cloud-init job (pre-networking)...
[   18.735514] cloud-init[506]: Cloud-init v. 19.4-33-gbb4131a2-0ubuntu1~18.04.1 running 'init-local' at Tue, 31 Mar 2020 08:16:28 +0000. Up 18.12 seconds.
[[0;32m  OK  [0m] Started Initial cloud-init job (pre-networking).
[[0;32m  OK  [0m] Reached target Network (Pre).
         Starting Network Service...
[[0;32m  OK  [0m] Started Network Service.
         Starting Network Name Resolution...
         Starting Wait for Network to be Configured...
[[0;32m  OK  [0m] Started Network Name Resolution.
[[0;32m  OK  [0m] Reached target Host and Network Name Lookups.
[[0;32m  OK  [0m] Reached target Network.
[[0;32m  OK  [0m] Started Wait for Network to be Configured.
         Starting Initial cloud-init job (metadata service crawler)...
[   21.318551] cloud-init[649]: Cloud-init v. 19.4-33-gbb4131a2-0ubuntu1~18.04.1 running 'init' at Tue, 31 Mar 2020 08:16:31 +0000. Up 21.11 seconds.
[   21.341752] cloud-init[649]: ci-info: ++++++++++++++++++++++++++++++++++++++Net device info+++++++++++++++++++++++++++++++++++++++
[   21.344285] cloud-init[649]: ci-info: +--------+-------+----------------------------+---------------+--------+-------------------+
[   21.346501] cloud-init[649]: ci-info: | Device |   Up  |          Address           |      Mask     | Scope  |     Hw-Address    |
[   21.348673] cloud-init[649]: ci-info: +--------+-------+----------------------------+---------------+--------+-------------------+
[   21.376255] cloud-init[649]: ci-info: | enp0s3 |  True |         10.0.2.15          | 255.255.255.0 | global | 02:39:67:45:9c:e6 |
[   21.424226] cloud-init[649]: ci-info: | enp0s3 |  True | fe80::39:67ff:fe45:9ce6/64 |       .       |  link  | 02:39:67:45:9c:e6 |
[   21.430392] cloud-init[649]: ci-info: | enp0s8 | False |             .              |       .       |   .    | 08:00:27:f9:7e:aa |
[   21.448260] cloud-init[649]: ci-info: |   lo   |  True |         127.0.0.1          |   255.0.0.0   |  host  |         .         |
[   21.457060] cloud-init[649]: ci-info: |   lo   |  True |          ::1/128           |       .       |  host  |         .         |
[   21.489787] cloud-init[649]: ci-info: +--------+-------+----------------------------+---------------+--------+-------------------+
[   21.492712] cloud-init[649]: ci-info: ++++++++++++++++++++++++++++Route IPv4 info+++++++++++++++++++++++++++++
[   21.524223] cloud-init[649]: ci-info: +-------+-------------+----------+-----------------+-----------+-------+
[   21.575547] cloud-init[649]: ci-info: | Route | Destination | Gateway  |     Genmask     | Interface | Flags |
[   21.578173] cloud-init[649]: ci-info: +-------+-------------+----------+-----------------+-----------+-------+
[   21.616242] cloud-init[649]: ci-info: |   0   |   0.0.0.0   | 10.0.2.2 |     0.0.0.0     |   enp0s3  |   UG  |
[   21.618678] cloud-init[649]: ci-info: |   1   |   10.0.2.0  | 0.0.0.0  |  255.255.255.0  |   enp0s3  |   U   |
[   21.629400] cloud-init[649]: ci-info: |   2   |   10.0.2.2  | 0.0.0.0  | 255.255.255.255 |   enp0s3  |   UH  |
[   21.632032] cloud-init[649]: ci-info: +-------+-------------+----------+-----------------+-----------+-------+
[   21.658680] cloud-init[649]: ci-info: +++++++++++++++++++Route IPv6 info+++++++++++++++++++
[   21.660243] cloud-init[649]: ci-info: +-------+-------------+---------+-----------+-------+
[   21.661875] cloud-init[649]: ci-info: | Route | Destination | Gateway | Interface | Flags |
[   21.676177] cloud-init[649]: ci-info: +-------+-------------+---------+-----------+-------+
[   21.700360] cloud-init[649]: ci-info: |   1   |  fe80::/64  |    ::   |   enp0s3  |   U   |
[   21.701815] cloud-init[649]: ci-info: |   3   |    local    |    ::   |   enp0s3  |   U   |
[   21.766880] cloud-init[649]: ci-info: |   4   |   ff00::/8  |    ::   |   enp0s3  |   U   |
[   21.770198] cloud-init[649]: ci-info: +-------+-------------+---------+-----------+-------+
[   23.896744] cloud-init[649]: Generating public/private rsa key pair.
[   23.928268] cloud-init[649]: Your identification has been saved in /etc/ssh/ssh_host_rsa_key.
[[0;32m  OK  [0m] Started Initial cloud-init job (metadata service crawler).
[   23.993717] [[0;32m  OK  [0m] Reached target Network is Online.
cloud-init[649]: Your public key has been saved in /etc/ssh/ssh_host_rsa_key.pub.
[   23.997740] cloud-init[649]: The key fingerprint is:
[   23.999070] cloud-init[649]: SHA256:FDaaM+HsflwtO4hwjLrun5AhimYeKn3XaTQiMyfaUx8 root@ubuntu-bionic
[   24.001654] cloud-init[649]: The key's randomart image is:
         Starting Availability of block devices...
[[0;32m  OK  [0m] Reached target Remote File Systems (Pre).
[[0;32m  OK  [0m] Reached target Remote File Systems.
[[0;32m  OK  [0m] Reached target System Initialization.
         Starting Socket activation for snappy daemon.
[[0;32m  OK  [0m] Started Daily Cleanup of Temporary Directories.
[[0;32m  OK  [0m] Listening on UUID daemon activation socket.
[[0;32m  OK  [0m] Listening on D-Bus System Message Bus Socket.
[[0;32m  OK  [0m] Started ACPI Events Check.
[[0;32m  OK  [0m] Listening on ACPID Listen Socket.
[   24.020667] cloud-init[649]: +---[RSA 2048]----+
         Starting LXD - unix socket.
[   24.096485] [cloud-init[0;32m  OK  [0m[649]: ] |      . +        |Started Message of the Day.

[[0;32m  OK  [0m] Listening on Open-iSCSI iscsid Socket.
[[0;32m  OK  [0m] Reached target Paths.
[   24.141760] [[0;32m  OK  [0m] Started Discard unused blocks once a week.
[[0;32m  OK  [0m] Started Daily apt download activities.
[[0;32m  OK  [0m] Started Daily apt upgrade and clean activities.
[[0;32m  OK  [0m] Reached target Timers.
[[0;32m  OK  [0m] Reached target Cloud-config availability.
cloud-init[649]: |     o = o       |
[[0;32m  OK  [0m] Started Availability of block devices.
[   24.160890] [[0;32m  OK  [0m] Listening on Socket activation for snappy daemon.
[[0;32m  OK  [0m] Listening on LXD - unix socket.
[[0;32m  OK  [0m] Reached target Sockets.
[[0;32m  OK  [0m] Reached target Basic System.
cloud-init[649]: |      B .        |
[   24.166764] cloud-init[649]: |     + +   .     |
[   24.166851] cloud-init[649]: |. . o + S o .    |
[   24.166920] cloud-init[649]: |o. +=++oEo o     |
[   24.166972] cloud-init[649]: |o=+o Bo=++o      |
[   24.167038] cloud-init[649]: |* +o+...=  .     |
[   24.167096] cloud-init[649]: |o++ooo .         |
[   24.167148] cloud-init[649]: +----[SHA256]-----+
[   24.167200] cloud-init[649]: Generating public/private dsa key pair.
[   24.167248] cloud-init[649]: Your identification has been saved in /etc/ssh/ssh_host_dsa_key.
[   24.167301] cloud-init[649]: Your public key has been saved in /etc/ssh/ssh_host_dsa_key.pub.
[   24.167349] cloud-init[649]: The key fingerprint is:
[   24.167395] cloud-init[649]: SHA256:/PgBgpIC2zYFxwaYH9xJPYTrNx5DnJ7Qx2ooB/N6AYk root@ubuntu-bionic
[   24.167441] cloud-init[649]: The key's randomart image is:
[   24.167495] cloud-init[649]: +---[DSA 1024]----+
[   24.167543] cloud-init[649]: | +o=o=.          |
[   24.167594] cloud-init[649]: |o oo* o          |
[   24.167645] cloud-init[649]: |.o +.+ +         |
[   24.167695] cloud-init[649]: |Eo*oo.=.o        |
[   24.167748] cloud-init[649]: |o **.=.+S        |
[   24.167796] cloud-init[649]: | o.o* X. +       |
[   24.167846] cloud-init[649]: |   + = +. o      |
[   24.167901] cloud-init[649]: |  . . .  . .     |
         Starting LXD - container startup/shutdown...
[   24.167952] cloud-init[649]: |   .      .      |
         Starting LSB: Record successful boot for GRUB...
[   24.197971] cloud-init[649]: +----[SHA256]-----+
[   24.204854] cloud-init[649]: Generating public/private ecdsa key pair.
[   24.232899] cloud-init[649]: Your identification has been saved in /etc/ssh/ssh_host_ecdsa_key.
[   24.234497] cloud-init[649]: Your public key has been saved in /etc/ssh/ssh_host_ecdsa_key.pub.
[   24.239135] cloud-init[649]: The key fingerprint is:
[   24.240092] cloud-init[649]: SHA256:q2UiocJDMl3b2vApvN68Ui5r3LrJkZTDzGe6+2zJxuQ root@ubuntu-bionic
[   24.241359] cloud-init[649]: The key's randomart image is:
[   24.251028] cloud-init[649]: +---[ECDSA 256]---+
[   24.252062] cloud-init[649]: |                 |
[   24.267861] cloud-init[649]: |                 |
[   24.269291] cloud-init[649]: |    .            |
[   24.270514] cloud-init[649]: | . = +           |
[   24.271777] cloud-init[649]: |o.. @ + S        |
[   24.273034] cloud-init[649]: |+. + %o. .       |
[   24.274288] cloud-init[649]: |.o..OO=.+        |
[   24.275523] cloud-init[649]: | ...=@E=         |
[   24.277823] cloud-init[649]: |   o@@B.         |
[   24.279114] cloud-init[649]: +----[SHA256]-----+
[   24.280438] cloud-init[649]: Generating public/private ed25519 key pair.
[   24.281937] cloud-init[649]: Your identification has been saved in /etc/ssh/ssh_host_ed25519_key.
[   24.287922] cloud-init[649]: Your public key has been saved in /etc/ssh/ssh_host_ed25519_key.pub.
[[0;32m  OK  [0m] Started Regular background program processing daemon.
[   24.332669] cloud-init[649]: The key fingerprint is:         Starting Virtualbox guest utils...

[[0;32m  OK  [0m] Started D-Bus System Message Bus.
[   24.350365] cloud-init[649]: SHA256:eOm0gnzZD6CX5I+/+DWN14qqFJoS9v/A8djdUWQbyZU root@ubuntu-bionic
[   24.384548] cloud-init[649]: The key's randomart image is:
[   24.385892] cloud-init[649]: +--[ED25519 256]--+
[   24.387128] cloud-init[649]: |             .+oo|
[   24.388519] cloud-init[649]: |             ooE |
[   24.390189] cloud-init[649]: |              o  |
[   24.391994] cloud-init[649]: |       . .   .   |
[   24.393529] cloud-init[649]: |  o   * S   .    |
[   24.395010] cloud-init[649]: | . + O # o + o   |
[   24.396446] cloud-init[649]: |  . B % B = + .  |
[   24.397538] cloud-init[649]: |   . = * + + .   |
[   24.402272] cloud-init[649]: |      ==Boo .    |
[   24.429211] cloud-init[649]: +----[SHA256]-----+
         Starting System Logging Service...
         Starting Pollinate to seed the pseudo random number generator...
         Starting Login Service...
         Starting Accounts Service...
[[0;32m  OK  [0m] Started FUSE filesystem for LXC.
         Starting LSB: automatic crash report generation...
[[0;32m  OK  [0m] Started Deferred execution scheduler.
         Starting Dispatcher daemon for systemd-networkd...
         Starting Permit User Sessions...
[[0;32m  OK  [0m] Started irqbalance daemon.
         Starting Snappy daemon...
[[0;32m  OK  [0m] Started Login Service.
[[0;32m  OK  [0m] Started Unattended Upgrades Shutdown.
[[0;32m  OK  [0m] Started Permit User Sessions.
         Starting Hold until boot process finishes up...
         Starting Terminate Plymouth Boot Screen...
[[0;32m  OK  [0m] Started Hold until boot process finishes up.
[[0;32m  OK  [0m] Started System Logging Service.
[[0;32m  OK  [0m] Started Terminate Plymouth Boot Screen.
[[0;32m  OK  [0m] Started Serial Getty on ttyS0.
         Starting Set console scheme...
[[0;32m  OK  [0m] Started Set console scheme.
[[0;32m  OK  [0m] Created slice system-getty.slice.
[[0;32m  OK  [0m] Started Getty on tty1.
[[0;32m  OK  [0m] Reached target Login Prompts.
[[0;32m  OK  [0m] Started LSB: automatic crash report generation.
[[0;32m  OK  [0m] Started LSB: Record successful boot for GRUB.
         Starting Authorization Manager...
[[0;32m  OK  [0m] Started Virtualbox guest utils.
[[0;32m  OK  [0m] Started Authorization Manager.
[[0;32m  OK  [0m] Started Accounts Service.
[[0;32m  OK  [0m] Started Dispatcher daemon for systemd-networkd.
[[0;32m  OK  [0m] Started LXD - container startup/shutdown.
[[0;32m  OK  [0m] Started Snappy daemon.
         Starting Wait until snapd is fully seeded...
[[0;32m  OK  [0m] Started Pollinate to seed the pseudo random number generator.
         Starting OpenBSD Secure Shell server...

Ubuntu 18.04.4 LTS ubuntu-bionic ttyS0

ubuntu-bionic login: [   35.812598] cloud-init[1401]: Cloud-init v. 19.4-33-gbb4131a2-0ubuntu1~18.04.1 running 'modules:config' at Tue, 31 Mar 2020 08:16:43 +0000. Up 32.90 seconds.
ci-info: no authorized SSH keys fingerprints found for user ubuntu.
<14>Mar 31 08:16:46 ec2: 
<14>Mar 31 08:16:46 ec2: #############################################################
<14>Mar 31 08:16:46 ec2: -----BEGIN SSH HOST KEY FINGERPRINTS-----
<14>Mar 31 08:16:46 ec2: 1024 SHA256:/PgBgpIC2zYFxwaYH9xJPYTrNx5DnJ7Qx2ooB/N6AYk root@ubuntu-bionic (DSA)
<14>Mar 31 08:16:46 ec2: 256 SHA256:q2UiocJDMl3b2vApvN68Ui5r3LrJkZTDzGe6+2zJxuQ root@ubuntu-bionic (ECDSA)
<14>Mar 31 08:16:46 ec2: 256 SHA256:eOm0gnzZD6CX5I+/+DWN14qqFJoS9v/A8djdUWQbyZU root@ubuntu-bionic (ED25519)
<14>Mar 31 08:16:46 ec2: 2048 SHA256:FDaaM+HsflwtO4hwjLrun5AhimYeKn3XaTQiMyfaUx8 root@ubuntu-bionic (RSA)
<14>Mar 31 08:16:46 ec2: -----END SSH HOST KEY FINGERPRINTS-----
<14>Mar 31 08:16:46 ec2: #############################################################
-----BEGIN SSH HOST KEY KEYS-----
ecdsa-sha2-nistp256 AAAAE2VjZHNhLXNoYTItbmlzdHAyNTYAAAAIbmlzdHAyNTYAAABBBCKd5kEubOOwKcyVd/MxoE8O+NZTbarZZ+TKcuv/DlSUyu67UdpclXcKe0CIBn7vrhbQ3EWEsogjzaP8c2bd9/Q= root@ubuntu-bionic
ssh-ed25519 AAAAC3NzaC1lZDI1NTE5AAAAIOZ43FnScxlbY9pG6VECmsdrqFsbVRtZ6ogwNsX24j8e root@ubuntu-bionic
ssh-rsa AAAAB3NzaC1yc2EAAAADAQABAAABAQCwHlvMzBB6fKFABGPlgjVmKf23q4w92WFoYSwBtlAIExjTmewdZjDudkq4w0LGKjUu3SWCdCUvj4Bm+kVjbCfzx9aCatDoo9TVPjD0slU2Sz3bT6aIiF2T+zjv7oJalMZBtx4jWzhOAhgK2erPFrSNaO2FqD1fGREcgyrVbqhDRwyXkOqXtziahGKZKHPo17A+T5yInErj5EZT/gARWvHlmFjIMuXZH2oYZk+bPTAnfMNvhJj/YC6N2qhzcFjFf0xME7vBc6cZe0vgz6dz/kRK5RS/2BLeXf0FUfXYD7G9jxrcYn2I2n/mVyAj0u8dSj1H6yy5RZL8CPZ3EsMWjdCF root@ubuntu-bionic
-----END SSH HOST KEY KEYS-----
[   36.328736] cloud-init[1572]: Cloud-init v. 19.4-33-gbb4131a2-0ubuntu1~18.04.1 running 'modules:final' at Tue, 31 Mar 2020 08:16:46 +0000. Up 36.17 seconds.
[   36.328805] cloud-init[1572]: ci-info: no authorized SSH keys fingerprints found for user ubuntu.
[   36.328854] cloud-init[1572]: Cloud-init v. 19.4-33-gbb4131a2-0ubuntu1~18.04.1 finished at Tue, 31 Mar 2020 08:16:46 +0000. Datasource DataSourceNoCloud [seed=/dev/sdb][dsmode=net].  Up 36.32 seconds
